<?xml version="1.0" encoding="UTF-8"?>
<!-- Generated by org.testng.reporters.JUnitReportReporter -->
<testsuite skipped="0" hostname="sayu-PC" name="com.testng.ex.NewTest1" tests="1" failures="0" timestamp="26 Feb 2018 07:07:14 GMT" time="84.227" errors="0">
  <testcase name="test1" time="84.227" classname="com.testng.ex.NewTest1"/>
</testsuite> <!-- com.testng.ex.NewTest1 -->
