<?xml version="1.0" encoding="UTF-8"?>
<!-- Generated by org.testng.reporters.JUnitReportReporter -->
<testsuite skipped="0" hostname="sayu-PC" name="com.testng.ex.NewTest" tests="7" failures="0" timestamp="22 Feb 2018 07:26:58 GMT" time="0.024" errors="0">
  <testcase name="test2" time="0.001" classname="com.testng.ex.NewTest"/>
  <testcase name="test2" time="0.002" classname="com.testng.ex.NewTest"/>
  <testcase name="test2" time="0.013" classname="com.testng.ex.NewTest"/>
  <testcase name="test2" time="0.001" classname="com.testng.ex.NewTest"/>
  <testcase name="test2" time="0.003" classname="com.testng.ex.NewTest"/>
  <testcase name="test3" time="0.002" classname="com.testng.ex.NewTest"/>
  <testcase name="test1" time="0.002" classname="com.testng.ex.NewTest"/>
</testsuite> <!-- com.testng.ex.NewTest -->
