<?xml version="1.0" encoding="UTF-8"?>
<!-- Generated by org.testng.reporters.JUnitReportReporter -->
<testsuite skipped="0" hostname="sayu-PC" name="parllelTesting.NewTest" tests="2" failures="0" timestamp="13 Mar 2018 06:32:38 GMT" time="140.251" errors="0">
  <testcase name="f" time="102.422" classname="parllelTesting.NewTest"/>
  <testcase name="f" time="37.829" classname="parllelTesting.NewTest"/>
</testsuite> <!-- parllelTesting.NewTest -->
